Vivado Simulator 2015.2
Copyright 1986-1999, 2001-2015 Xilinx, Inc. All Rights Reserved.
Running: D:/xilinx/Vivado/2015.2/bin/unwrapped/win64.o/xelab.exe -wto 8ff7907d1fef4b3b8ec099e5caef3ec3 --debug typical --relax --mt 2 --maxdelay -L xil_defaultlib -L simprims_ver -L secureip --snapshot counter_rom_tb_time_synth -transport_int_delays -pulse_r 0 -pulse_int_r 0 xil_defaultlib.counter_rom_tb xil_defaultlib.glbl -log elaborate.log 
Using 2 slave threads.
Starting static elaboration
Completed static elaboration
Starting simulation data flow analysis
Completed simulation data flow analysis
INFO: [XSIM 43-3451] SDF backannotation process started with SDF file "counter_rom_tb_time_synth.sdf", for root module "counter_rom_tb/DUT".
INFO: [XSIM 43-3452] SDF backannotation was successful for SDF file "counter_rom_tb_time_synth.sdf", for root module "counter_rom_tb/DUT".
Time Resolution for simulation is 1ps
Compiling module simprims_ver.IBUF
Compiling module simprims_ver.BUFG
Compiling module simprims_ver.OBUF
Compiling module simprims_ver.LUT4
Compiling module simprims_ver.ffsrce_fdce
Compiling module simprims_ver.FDCE
Compiling module xil_defaultlib.counter_rom
Compiling module xil_defaultlib.counter_rom_tb
Compiling module xil_defaultlib.glbl
Waiting for 2 sub-compilation(s) to finish...
Built simulation snapshot counter_rom_tb_time_synth
