#-----------------------------------------------------------
# Vivado v2015.2 (64-bit)
# SW Build 1266856 on Fri Jun 26 16:35:25 MDT 2015
# IP Build 1264090 on Wed Jun 24 14:22:01 MDT 2015
# Start of session at: Tue Jun 14 11:27:14 2016
# Process ID: 3684
# Log file: C:/Users/pc/Desktop/lab45/lab5_1_2/vivado.log
# Journal file: C:/Users/pc/Desktop/lab45/lab5_1_2\vivado.jou
#-----------------------------------------------------------
start_gui
open_project C:/Users/pc/Desktop/lab45/lab5_1_2/lab5_2.xpr
Scanning sources...
Finished scanning sources
INFO: [IP_Flow 19-234] Refreshing IP repositories
INFO: [IP_Flow 19-1704] No user IP repositories specified
INFO: [IP_Flow 19-2313] Loaded Vivado IP repository 'D:/xilinx/Vivado/2015.2/data/ip'.
launch_simulation
INFO: [USF-XSim-27] Simulation object is 'sim_1'
INFO: [USF-XSim-37] Inspecting design source files for 'moore_sequence_detecor_tb' in fileset 'sim_1'...
INFO: [USF-XSim-97] Finding global include files...
INFO: [USF-XSim-98] Fetching design files from 'sim_1'...
INFO: [USF-XSim-2] XSim::Compile design
INFO: [USF-XSim-61] Executing 'COMPILE' step in 'C:/Users/pc/Desktop/lab45/lab5_1_2/lab5_2.sim/sim_1/behav'
"xvlog -m64 --relax -prj moore_sequence_detecor_tb_vlog.prj"
INFO: [VRFC 10-2263] Analyzing Verilog file "C:/Users/pc/Desktop/lab45/lab5_1_2/lab5_2.srcs/sources_1/new/moore_sequence_detecor.v" into library xil_defaultlib
INFO: [VRFC 10-311] analyzing module moore_sequence_detecor
INFO: [VRFC 10-2263] Analyzing Verilog file "C:/Users/pc/Desktop/lab45/lab5_1_2/lab5_2.srcs/sim_1/new/moore_sequence_detecor_tb.v" into library xil_defaultlib
INFO: [VRFC 10-311] analyzing module moore_sequence_detecor_tb
INFO: [VRFC 10-2263] Analyzing Verilog file "C:/Users/pc/Desktop/lab45/lab5_1_2/lab5_2.sim/sim_1/behav/glbl.v" into library xil_defaultlib
INFO: [VRFC 10-311] analyzing module glbl
INFO: [USF-XSim-3] XSim::Elaborate design
INFO: [USF-XSim-61] Executing 'ELABORATE' step in 'C:/Users/pc/Desktop/lab45/lab5_1_2/lab5_2.sim/sim_1/behav'
Vivado Simulator 2015.2
Copyright 1986-1999, 2001-2015 Xilinx, Inc. All Rights Reserved.
Running: D:/xilinx/Vivado/2015.2/bin/unwrapped/win64.o/xelab.exe -wto f9a28b421c5342cd9677abae5440d986 --debug typical --relax --mt 2 -L xil_defaultlib -L unisims_ver -L unimacro_ver -L secureip --snapshot moore_sequence_detecor_tb_behav xil_defaultlib.moore_sequence_detecor_tb xil_defaultlib.glbl -log elaborate.log 
Using 2 slave threads.
Starting static elaboration
Completed static elaboration
Starting simulation data flow analysis
Completed simulation data flow analysis
Time Resolution for simulation is 1ps
Compiling module xil_defaultlib.moore_sequence_detecor
Compiling module xil_defaultlib.moore_sequence_detecor_tb
Compiling module xil_defaultlib.glbl
Waiting for 2 sub-compilation(s) to finish...
Built simulation snapshot moore_sequence_detecor_tb_behav

****** Webtalk v2015.2 (64-bit)
  **** SW Build 1266856 on Fri Jun 26 16:35:25 MDT 2015
  **** IP Build 1264090 on Wed Jun 24 14:22:01 MDT 2015
    ** Copyright 1986-2015 Xilinx, Inc. All Rights Reserved.

source C:/Users/pc/Desktop/lab45/lab5_1_2/lab5_2.sim/sim_1/behav/xsim.dir/moore_sequence_detecor_tb_behav/webtalk/xsim_webtalk.tcl -notrace
INFO: [Common 17-186] 'C:/Users/pc/Desktop/lab45/lab5_1_2/lab5_2.sim/sim_1/behav/xsim.dir/moore_sequence_detecor_tb_behav/webtalk/usage_statistics_ext_xsim.xml' has been successfully sent to Xilinx on Tue Jun 14 11:51:10 2016. For additional details about this file, please refer to the WebTalk help file at D:/xilinx/Vivado/2015.2/doc/webtalk_introduction.html.
webtalk_transmit: Time (s): cpu = 00:00:00 ; elapsed = 00:00:06 . Memory (MB): peak = 61.352 ; gain = 0.016
INFO: [Common 17-206] Exiting Webtalk at Tue Jun 14 11:51:10 2016...
run_program: Time (s): cpu = 00:00:01 ; elapsed = 00:00:08 . Memory (MB): peak = 731.652 ; gain = 0.000
INFO: [USF-XSim-4] XSim::Simulate design
INFO: [USF-XSim-61] Executing 'SIMULATE' step in 'C:/Users/pc/Desktop/lab45/lab5_1_2/lab5_2.sim/sim_1/behav'
INFO: [USF-XSim-98] *** Running xsim
   with args "moore_sequence_detecor_tb_behav -key {Behavioral:sim_1:Functional:moore_sequence_detecor_tb} -tclbatch {moore_sequence_detecor_tb.tcl} -log {simulate.log}"
INFO: [USF-XSim-8] Loading simulator feature
Vivado Simulator 2015.2
Time resolution is 1 ps
source moore_sequence_detecor_tb.tcl
# set curr_wave [current_wave_config]
# if { [string length $curr_wave] == 0 } {
#   if { [llength [get_objects]] > 0} {
#     add_wave /
#     set_property needs_save false [current_wave_config]
#   } else {
#      send_msg_id Add_Wave-1 WARNING "No top level signals found. Simulator will start without a wave window. If you want to open a wave window go to 'File->New Waveform Configuration' or type 'create_wave_config' in the TCL console."
#   }
# }
# run 300ns
INFO: [USF-XSim-96] XSim completed. Design snapshot 'moore_sequence_detecor_tb_behav' loaded.
INFO: [USF-XSim-97] XSim simulation ran for 300ns
launch_simulation: Time (s): cpu = 00:00:04 ; elapsed = 00:00:12 . Memory (MB): peak = 744.043 ; gain = 12.391
set_property -name {xsim.simulate.runtime} -value {250ns} -objects [current_fileset -simset]
close_sim
INFO: [Simtcl 6-16] Simulation closed
close_sim: Time (s): cpu = 00:00:01 ; elapsed = 00:00:08 . Memory (MB): peak = 755.000 ; gain = 0.000
launch_simulation
INFO: [USF-XSim-27] Simulation object is 'sim_1'
INFO: [USF-XSim-37] Inspecting design source files for 'moore_sequence_detecor_tb' in fileset 'sim_1'...
INFO: [USF-XSim-97] Finding global include files...
INFO: [USF-XSim-98] Fetching design files from 'sim_1'...
INFO: [USF-XSim-2] XSim::Compile design
INFO: [USF-XSim-61] Executing 'COMPILE' step in 'C:/Users/pc/Desktop/lab45/lab5_1_2/lab5_2.sim/sim_1/behav'
"xvlog -m64 --relax -prj moore_sequence_detecor_tb_vlog.prj"
INFO: [VRFC 10-2263] Analyzing Verilog file "C:/Users/pc/Desktop/lab45/lab5_1_2/lab5_2.srcs/sources_1/new/moore_sequence_detecor.v" into library xil_defaultlib
INFO: [VRFC 10-311] analyzing module moore_sequence_detecor
INFO: [VRFC 10-2263] Analyzing Verilog file "C:/Users/pc/Desktop/lab45/lab5_1_2/lab5_2.srcs/sim_1/new/moore_sequence_detecor_tb.v" into library xil_defaultlib
INFO: [VRFC 10-311] analyzing module moore_sequence_detecor_tb
INFO: [VRFC 10-2263] Analyzing Verilog file "C:/Users/pc/Desktop/lab45/lab5_1_2/lab5_2.sim/sim_1/behav/glbl.v" into library xil_defaultlib
INFO: [VRFC 10-311] analyzing module glbl
INFO: [USF-XSim-3] XSim::Elaborate design
INFO: [USF-XSim-61] Executing 'ELABORATE' step in 'C:/Users/pc/Desktop/lab45/lab5_1_2/lab5_2.sim/sim_1/behav'
Vivado Simulator 2015.2
Copyright 1986-1999, 2001-2015 Xilinx, Inc. All Rights Reserved.
Running: D:/xilinx/Vivado/2015.2/bin/unwrapped/win64.o/xelab.exe -wto f9a28b421c5342cd9677abae5440d986 --debug typical --relax --mt 2 -L xil_defaultlib -L unisims_ver -L unimacro_ver -L secureip --snapshot moore_sequence_detecor_tb_behav xil_defaultlib.moore_sequence_detecor_tb xil_defaultlib.glbl -log elaborate.log 
Using 2 slave threads.
Starting static elaboration
Completed static elaboration
Starting simulation data flow analysis
Completed simulation data flow analysis
Time Resolution for simulation is 1ps
Compiling module xil_defaultlib.moore_sequence_detecor
Compiling module xil_defaultlib.moore_sequence_detecor_tb
Compiling module xil_defaultlib.glbl
Waiting for 2 sub-compilation(s) to finish...
Built simulation snapshot moore_sequence_detecor_tb_behav

****** Webtalk v2015.2 (64-bit)
  **** SW Build 1266856 on Fri Jun 26 16:35:25 MDT 2015
  **** IP Build 1264090 on Wed Jun 24 14:22:01 MDT 2015
    ** Copyright 1986-2015 Xilinx, Inc. All Rights Reserved.

source C:/Users/pc/Desktop/lab45/lab5_1_2/lab5_2.sim/sim_1/behav/xsim.dir/moore_sequence_detecor_tb_behav/webtalk/xsim_webtalk.tcl -notrace
INFO: [Common 17-186] 'C:/Users/pc/Desktop/lab45/lab5_1_2/lab5_2.sim/sim_1/behav/xsim.dir/moore_sequence_detecor_tb_behav/webtalk/usage_statistics_ext_xsim.xml' has been successfully sent to Xilinx on Tue Jun 14 11:52:12 2016. For additional details about this file, please refer to the WebTalk help file at D:/xilinx/Vivado/2015.2/doc/webtalk_introduction.html.
webtalk_transmit: Time (s): cpu = 00:00:00 ; elapsed = 00:00:07 . Memory (MB): peak = 61.219 ; gain = 0.023
INFO: [Common 17-206] Exiting Webtalk at Tue Jun 14 11:52:12 2016...
run_program: Time (s): cpu = 00:00:01 ; elapsed = 00:00:09 . Memory (MB): peak = 755.000 ; gain = 0.000
INFO: [USF-XSim-4] XSim::Simulate design
INFO: [USF-XSim-61] Executing 'SIMULATE' step in 'C:/Users/pc/Desktop/lab45/lab5_1_2/lab5_2.sim/sim_1/behav'
INFO: [USF-XSim-98] *** Running xsim
   with args "moore_sequence_detecor_tb_behav -key {Behavioral:sim_1:Functional:moore_sequence_detecor_tb} -tclbatch {moore_sequence_detecor_tb.tcl} -log {simulate.log}"
INFO: [USF-XSim-8] Loading simulator feature
Vivado Simulator 2015.2
Time resolution is 1 ps
source moore_sequence_detecor_tb.tcl
# set curr_wave [current_wave_config]
# if { [string length $curr_wave] == 0 } {
#   if { [llength [get_objects]] > 0} {
#     add_wave /
#     set_property needs_save false [current_wave_config]
#   } else {
#      send_msg_id Add_Wave-1 WARNING "No top level signals found. Simulator will start without a wave window. If you want to open a wave window go to 'File->New Waveform Configuration' or type 'create_wave_config' in the TCL console."
#   }
# }
# run 250ns
INFO: [USF-XSim-96] XSim completed. Design snapshot 'moore_sequence_detecor_tb_behav' loaded.
INFO: [USF-XSim-97] XSim simulation ran for 250ns
launch_simulation: Time (s): cpu = 00:00:02 ; elapsed = 00:00:12 . Memory (MB): peak = 755.000 ; gain = 0.000
close_sim
INFO: [Simtcl 6-16] Simulation closed
close_sim: Time (s): cpu = 00:00:01 ; elapsed = 00:00:09 . Memory (MB): peak = 758.793 ; gain = 3.793
exit
