#-----------------------------------------------------------
# Vivado v2015.2 (64-bit)
# SW Build 1266856 on Fri Jun 26 16:35:25 MDT 2015
# IP Build 1264090 on Wed Jun 24 14:22:01 MDT 2015
# Start of session at: Fri May 27 22:35:24 2016
# Process ID: 3756
# Log file: C:/Users/pc/Desktop/lab3/lab5_1_2/vivado.log
# Journal file: C:/Users/pc/Desktop/lab3/lab5_1_2\vivado.jou
#-----------------------------------------------------------
start_gui
open_project C:/Users/pc/Desktop/lab3/lab5_1_2/lab5_1_2.xpr
INFO: [Project 1-313] Project file moved from 'C:/Users/Administrator/Desktop/lab3/lab5_1_2' since last save.
Scanning sources...
Finished scanning sources
INFO: [IP_Flow 19-234] Refreshing IP repositories
INFO: [IP_Flow 19-1704] No user IP repositories specified
INFO: [IP_Flow 19-2313] Loaded Vivado IP repository 'C:/Xilinx/Vivado/2015.2/data/ip'.
open_project: Time (s): cpu = 00:00:11 ; elapsed = 00:01:29 . Memory (MB): peak = 497.480 ; gain = 67.453
exit
INFO: [Common 17-206] Exiting Vivado at Fri May 27 22:39:51 2016...
