#-----------------------------------------------------------
# Vivado v2015.2 (64-bit)
# SW Build 1266856 on Fri Jun 26 16:35:25 MDT 2015
# IP Build 1264090 on Wed Jun 24 14:22:01 MDT 2015
# Start of session at: Fri Jun 24 11:09:38 2016
# Process ID: 4404
# Log file: C:/Users/pc/Desktop/verilog/lab3/lab6_1_3/vivado.log
# Journal file: C:/Users/pc/Desktop/verilog/lab3/lab6_1_3\vivado.jou
#-----------------------------------------------------------
start_gui
open_project C:/Users/pc/Desktop/verilog/lab3/lab6_1_3/lab6_1_3.xpr
INFO: [Project 1-313] Project file moved from 'C:/Users/pc/Desktop/lab3/lab6_1_3' since last save.
Scanning sources...
Finished scanning sources
INFO: [IP_Flow 19-234] Refreshing IP repositories
INFO: [IP_Flow 19-1704] No user IP repositories specified
INFO: [IP_Flow 19-2313] Loaded Vivado IP repository 'D:/xilinx/Vivado/2015.2/data/ip'.
open_project: Time (s): cpu = 00:00:14 ; elapsed = 00:00:06 . Memory (MB): peak = 726.723 ; gain = 152.211
exit
INFO: [Common 17-206] Exiting Vivado at Fri Jun 24 11:51:26 2016...
