#-----------------------------------------------------------
# Vivado v2015.2 (64-bit)
# SW Build 1266856 on Fri Jun 26 16:35:25 MDT 2015
# IP Build 1264090 on Wed Jun 24 14:22:01 MDT 2015
# Start of session at: Mon Jun 13 19:31:50 2016
# Process ID: 8432
# Log file: C:/Users/pc/Desktop/lab45/lab4_2/vivado.log
# Journal file: C:/Users/pc/Desktop/lab45/lab4_2\vivado.jou
#-----------------------------------------------------------
start_gui
open_project C:/Users/pc/Desktop/lab45/lab4_2/lab4_2.xpr
Scanning sources...
Finished scanning sources
INFO: [IP_Flow 19-234] Refreshing IP repositories
INFO: [IP_Flow 19-1704] No user IP repositories specified
INFO: [IP_Flow 19-2313] Loaded Vivado IP repository 'D:/xilinx/Vivado/2015.2/data/ip'.
open_project: Time (s): cpu = 00:00:13 ; elapsed = 00:00:05 . Memory (MB): peak = 735.520 ; gain = 158.613
synth_design -rtl -name rtl_1
Command: synth_design -rtl -name rtl_1
Starting synth_design
Using part: xc7vx485tffg1157-1
Top: lab4_2
WARNING: [Synth 8-2611] redeclaration of ansi port NEXT_ZERO is not allowed [C:/Users/pc/Desktop/lab45/lab4_2/lab4_2.srcs/sources_1/new/lab4_2.v:29]
---------------------------------------------------------------------------------
Starting RTL Elaboration : Time (s): cpu = 00:00:52 ; elapsed = 00:01:38 . Memory (MB): peak = 773.137 ; gain = 598.801
---------------------------------------------------------------------------------
INFO: [Synth 8-638] synthesizing module 'lab4_2' [C:/Users/pc/Desktop/lab45/lab4_2/lab4_2.srcs/sources_1/new/lab4_2.v:23]
	Parameter WIDTH0 bound to: 16 - type: integer 
INFO: [Synth 8-638] synthesizing module 'Register' [C:/Users/pc/Desktop/lab45/lab4_2/lab4_2.srcs/sources_1/new/Register.v:23]
	Parameter WIDTH bound to: 16 - type: integer 
WARNING: [Synth 8-567] referenced signal 'd' should be on the sensitivity list [C:/Users/pc/Desktop/lab45/lab4_2/lab4_2.srcs/sources_1/new/Register.v:28]
INFO: [Synth 8-256] done synthesizing module 'Register' (1#1) [C:/Users/pc/Desktop/lab45/lab4_2/lab4_2.srcs/sources_1/new/Register.v:23]
INFO: [Synth 8-638] synthesizing module 'adder' [C:/Users/pc/Desktop/lab45/lab4_2/lab4_2.srcs/sources_1/new/adder.v:23]
	Parameter WIDTH bound to: 16 - type: integer 
INFO: [Synth 8-256] done synthesizing module 'adder' (2#1) [C:/Users/pc/Desktop/lab45/lab4_2/lab4_2.srcs/sources_1/new/adder.v:23]
INFO: [Synth 8-638] synthesizing module 'MUX21' [C:/Users/pc/Desktop/lab45/lab4_2/lab4_2.srcs/sources_1/new/MUX21.v:23]
	Parameter WIDTH bound to: 16 - type: integer 
INFO: [Synth 8-256] done synthesizing module 'MUX21' (3#1) [C:/Users/pc/Desktop/lab45/lab4_2/lab4_2.srcs/sources_1/new/MUX21.v:23]
INFO: [Synth 8-638] synthesizing module 'comparator' [C:/Users/pc/Desktop/lab45/lab4_2/lab4_2.srcs/sources_1/new/comparator.v:23]
	Parameter WIDTH bound to: 16 - type: integer 
INFO: [Synth 8-256] done synthesizing module 'comparator' (4#1) [C:/Users/pc/Desktop/lab45/lab4_2/lab4_2.srcs/sources_1/new/comparator.v:23]
INFO: [Synth 8-638] synthesizing module 'rom' [C:/Users/pc/Desktop/lab45/lab4_2/lab4_2.srcs/sources_1/new/rom.v:23]
	Parameter WIDTH bound to: 16 - type: integer 
INFO: [Synth 8-3876] $readmem data file 'C:\Users\pc\Desktop\lab45\lab4_2\lab4_2.srcs\sources_1\new\ROM_data.txt' is read successfully [C:/Users/pc/Desktop/lab45/lab4_2/lab4_2.srcs/sources_1/new/rom.v:29]
INFO: [Synth 8-256] done synthesizing module 'rom' (5#1) [C:/Users/pc/Desktop/lab45/lab4_2/lab4_2.srcs/sources_1/new/rom.v:23]
INFO: [Synth 8-256] done synthesizing module 'lab4_2' (6#1) [C:/Users/pc/Desktop/lab45/lab4_2/lab4_2.srcs/sources_1/new/lab4_2.v:23]
---------------------------------------------------------------------------------
Finished RTL Elaboration : Time (s): cpu = 00:00:53 ; elapsed = 00:01:39 . Memory (MB): peak = 775.395 ; gain = 601.059
---------------------------------------------------------------------------------

Report Check Netlist: 
+------+------------------+-------+---------+-------+------------------+
|      |Item              |Errors |Warnings |Status |Description       |
+------+------------------+-------+---------+-------+------------------+
|1     |multi_driven_nets |      0|        0|Passed |Multi driven nets |
+------+------------------+-------+---------+-------+------------------+
---------------------------------------------------------------------------------
Finished RTL Optimization Phase 1 : Time (s): cpu = 00:00:53 ; elapsed = 00:01:39 . Memory (MB): peak = 775.395 ; gain = 601.059
---------------------------------------------------------------------------------
INFO: [Device 21-403] Loading part xc7vx485tffg1157-1
INFO: [Project 1-570] Preparing netlist for logic optimization

Processing XDC Constraints
Initializing timing engine
Completed Processing XDC Constraints

INFO: [Opt 31-141] Inserted 1 OBUFs to IO ports without IO buffers.
INFO: [Project 1-111] Unisim Transformation Summary:
No Unisim elements were transformed.

RTL Elaboration Complete:  : Time (s): cpu = 00:01:13 ; elapsed = 00:01:56 . Memory (MB): peak = 1262.211 ; gain = 1087.875
17 Infos, 2 Warnings, 0 Critical Warnings and 0 Errors encountered.
synth_design completed successfully
synth_design: Time (s): cpu = 00:00:24 ; elapsed = 00:00:20 . Memory (MB): peak = 1262.211 ; gain = 521.758
exit
INFO: [Common 17-206] Exiting Vivado at Mon Jun 13 19:46:08 2016...
