Vivado Simulator 2015.2
Copyright 1986-1999, 2001-2015 Xilinx, Inc. All Rights Reserved.
Running: C:/Xilinx/Vivado/2015.2/bin/unwrapped/win64.o/xelab.exe -wto 835860fa7e2f42eaac058bd0ed120dee --debug typical --relax --mt 2 --maxdelay -L xil_defaultlib -L simprims_ver -L secureip --snapshot two_2_bit_multiplier_tb_time_synth -transport_int_delays -pulse_r 0 -pulse_int_r 0 xil_defaultlib.two_2_bit_multiplier_tb xil_defaultlib.glbl -log elaborate.log 
Using 2 slave threads.
Starting static elaboration
WARNING: [VRFC 10-278] actual bit length 1 differs from formal bit length 4 for port product [C:/Users/Administrator/Desktop/lab3/lab3_3_2/lab3_3_2.srcs/sim_1/new/lab3_3_2_tb.v:28]
Completed static elaboration
Starting simulation data flow analysis
Completed simulation data flow analysis
INFO: [XSIM 43-3451] SDF backannotation process started with SDF file "two_2_bit_multiplier_tb_time_synth.sdf", for root module "two_2_bit_multiplier_tb/DUT".
INFO: [XSIM 43-3452] SDF backannotation was successful for SDF file "two_2_bit_multiplier_tb_time_synth.sdf", for root module "two_2_bit_multiplier_tb/DUT".
Time Resolution for simulation is 1ps
Compiling module simprims_ver.IBUF
Compiling module simprims_ver.OBUF
Compiling module simprims_ver.x_lut2_mux4
Compiling module simprims_ver.LUT2
Compiling module simprims_ver.LUT4
Compiling module xil_defaultlib.two_2_bit_multiplier
Compiling module xil_defaultlib.two_2_bit_multiplier_tb
Compiling module xil_defaultlib.glbl
Waiting for 2 sub-compilation(s) to finish...
Built simulation snapshot two_2_bit_multiplier_tb_time_synth
